<?xml version="1.0" encoding="UTF-8"?>
<testsuite xmlns:xsi="http://www.w3.org/2001/XMLSchema-instance" xsi:noNamespaceSchemaLocation="https://maven.apache.org/surefire/maven-surefire-plugin/xsd/surefire-test-report-3.0.xsd" version="3.0" name="site.nomoreparties.stellarburgers.CreateOrderTests" time="24.153" tests="6" errors="0" skipped="0" failures="0">
  <properties>
[...]
</properties>
  <testcase name="createOrderWithValidIngredientsByAuthorizedUserTest(List)[1]" classname="site.nomoreparties.stellarburgers.CreateOrderTests" time="6.828">
    <system-out><![CDATA[15:01:02.941 [main] ERROR io.qameta.allure.AllureLifecycle - Could not start step: no test case running
15:01:05.856 [main] ERROR io.qameta.allure.AllureLifecycle - Could not update step: no step running
15:01:05.857 [main] ERROR io.qameta.allure.AllureLifecycle - Could not stop step: no step running
]]></system-out>
  </testcase>
  <testcase name="createOrderWithValidIngredientsByAuthorizedUserTest(List)[2]" classname="site.nomoreparties.stellarburgers.CreateOrderTests" time="4.274"/>
  <testcase name="createOrderWithValidIngredientsByAuthorizedUserTest(List)[3]" classname="site.nomoreparties.stellarburgers.CreateOrderTests" time="4.25"/>
  <testcase name="createOrderWithValidIngredientsByUnauthorizedUserTest" classname="site.nomoreparties.stellarburgers.CreateOrderTests" time="1.154"/>
  <testcase name="createOrderWithIncorrectIngredientTest" classname="site.nomoreparties.stellarburgers.CreateOrderTests" time="1.122"/>
  <testcase name="createOrderWithoutIngredientsTest" classname="site.nomoreparties.stellarburgers.CreateOrderTests" time="1.06"/>
</testsuite>